running
  '/opt/apps/intel17/impi17_0/Rstats/3.4.0/lib64/R/bin/R --slave --no-restore --vanilla --file=./lambdaCA.R'

── Attaching packages ─────────────────────────────────────── tidyverse 1.2.1 ──
✔ ggplot2 2.2.1     ✔ purrr   0.2.4
✔ tibble  1.4.2     ✔ dplyr   0.7.4
✔ tidyr   0.7.2     ✔ stringr 1.2.0
✔ readr   1.1.1     ✔ forcats 0.2.0
── Conflicts ────────────────────────────────────────── tidyverse_conflicts() ──
✖ dplyr::filter() masks stats::filter()
✖ dplyr::lag()    masks stats::lag()
Loading required package: methods
Loading required package: Matrix

Attaching package: ‘Matrix’

The following object is masked from ‘package:tidyr’:

    expand

Loading required package: foreach

Attaching package: ‘foreach’

The following objects are masked from ‘package:purrr’:

    accumulate, when

Loaded glmnet 2.0-16

Loading required package: limma
Warning: 21 parsing failures.
row # A tibble: 5 x 5 col     row col                       expected actual                 file          expected   <int> <chr>                     <chr>    <chr>                  <chr>         actual 1     1 PHYLLO09_genefamilies-cpm a double PHYLLO09_Abundance-CPM 'DELIVER/Gen… file 2     1 PHYLLO10_genefamilies-cpm a double PHYLLO10_Abundance-CPM 'DELIVER/Gen… row 3     1 PHYLLO11_genefamilies-cpm a double PHYLLO11_Abundance-CPM 'DELIVER/Gen… col 4     1 PHYLLO12_genefamilies-cpm a double PHYLLO12_Abundance-CPM 'DELIVER/Gen… expected 5     1 PHYLLO13_genefamilies-cpm a double PHYLLO13_Abundance-CPM 'DELIVER/Gen…
... ................. ... ............................................................................... ........ ............................................................................... ...... ............................................................................... .... .......................................................... [... truncated]
Warning message:
In rbind(names(probs), probs_f) :
  number of columns of result is not a multiple of vector length (arg 1)
Parsed with column specification:
cols(
  Sample_ID = col_character(),
  city = col_character(),
  treatment = col_character()
)
Error in lognet(x, is.sparse, ix, jx, y, weights, offset, alpha, nobs,  : 
  one multinomial or binomial class has 1 or 0 observations; not allowed
In addition: There were 21 warnings (use warnings() to see them)
Error in lognet(x, is.sparse, ix, jx, y, weights, offset, alpha, nobs,  : 
  one multinomial or binomial class has 1 or 0 observations; not allowed
In addition: There were 21 warnings (use warnings() to see them)
Error in lognet(x, is.sparse, ix, jx, y, weights, offset, alpha, nobs,  : 
  one multinomial or binomial class has 1 or 0 observations; not allowed
In addition: There were 21 warnings (use warnings() to see them)
Error in lognet(x, is.sparse, ix, jx, y, weights, offset, alpha, nobs,  : 
  one multinomial or binomial class has 1 or 0 observations; not allowed
In addition: There were 50 or more warnings (use warnings() to see the first 50)
Error in lognet(x, is.sparse, ix, jx, y, weights, offset, alpha, nobs,  : 
  one multinomial or binomial class has 1 or 0 observations; not allowed
In addition: There were 50 or more warnings (use warnings() to see the first 50)
Error in lognet(x, is.sparse, ix, jx, y, weights, offset, alpha, nobs,  : 
  one multinomial or binomial class has 1 or 0 observations; not allowed
In addition: There were 50 or more warnings (use warnings() to see the first 50)
Error in lognet(x, is.sparse, ix, jx, y, weights, offset, alpha, nobs,  : 
  one multinomial or binomial class has 1 or 0 observations; not allowed
In addition: There were 50 or more warnings (use warnings() to see the first 50)
Error in lognet(x, is.sparse, ix, jx, y, weights, offset, alpha, nobs,  : 
  one multinomial or binomial class has 1 or 0 observations; not allowed
In addition: There were 29 warnings (use warnings() to see them)
Error in lognet(x, is.sparse, ix, jx, y, weights, offset, alpha, nobs,  : 
  one multinomial or binomial class has 1 or 0 observations; not allowed
In addition: There were 13 warnings (use warnings() to see them)
Error in lognet(x, is.sparse, ix, jx, y, weights, offset, alpha, nobs,  : 
  one multinomial or binomial class has 1 or 0 observations; not allowed
In addition: There were 50 or more warnings (use warnings() to see the first 50)
Error in lognet(x, is.sparse, ix, jx, y, weights, offset, alpha, nobs,  : 
  one multinomial or binomial class has 1 or 0 observations; not allowed
In addition: There were 50 or more warnings (use warnings() to see the first 50)
Error in lognet(x, is.sparse, ix, jx, y, weights, offset, alpha, nobs,  : 
  one multinomial or binomial class has 1 or 0 observations; not allowed
In addition: There were 41 warnings (use warnings() to see them)
Error in lognet(x, is.sparse, ix, jx, y, weights, offset, alpha, nobs,  : 
  one multinomial or binomial class has 1 or 0 observations; not allowed
In addition: Warning messages:
1: In lognet(x, is.sparse, ix, jx, y, weights, offset, alpha, nobs,  :
  one multinomial or binomial class has fewer than 8  observations; dangerous ground
2: In lognet(x, is.sparse, ix, jx, y, weights, offset, alpha, nobs,  :
  one multinomial or binomial class has fewer than 8  observations; dangerous ground
3: In lognet(x, is.sparse, ix, jx, y, weights, offset, alpha, nobs,  :
  one multinomial or binomial class has fewer than 8  observations; dangerous ground
4: In lognet(x, is.sparse, ix, jx, y, weights, offset, alpha, nobs,  :
  one multinomial or binomial class has fewer than 8  observations; dangerous ground
5: In lognet(x, is.sparse, ix, jx, y, weights, offset, alpha, nobs,  :
  one multinomial or binomial class has fewer than 8  observations; dangerous ground
Error in lognet(x, is.sparse, ix, jx, y, weights, offset, alpha, nobs,  : 
  one multinomial or binomial class has 1 or 0 observations; not allowed
In addition: There were 49 warnings (use warnings() to see them)
Error in lognet(x, is.sparse, ix, jx, y, weights, offset, alpha, nobs,  : 
  one multinomial or binomial class has 1 or 0 observations; not allowed
In addition: There were 50 or more warnings (use warnings() to see the first 50)
Error in lognet(x, is.sparse, ix, jx, y, weights, offset, alpha, nobs,  : 
  one multinomial or binomial class has 1 or 0 observations; not allowed
In addition: There were 25 warnings (use warnings() to see them)
Error in lognet(x, is.sparse, ix, jx, y, weights, offset, alpha, nobs,  : 
  one multinomial or binomial class has 1 or 0 observations; not allowed
In addition: There were 37 warnings (use warnings() to see them)
Error in lognet(x, is.sparse, ix, jx, y, weights, offset, alpha, nobs,  : 
  one multinomial or binomial class has 1 or 0 observations; not allowed
In addition: There were 37 warnings (use warnings() to see them)
Error in lognet(x, is.sparse, ix, jx, y, weights, offset, alpha, nobs,  : 
  one multinomial or binomial class has 1 or 0 observations; not allowed
In addition: There were 50 or more warnings (use warnings() to see the first 50)
Error in lognet(x, is.sparse, ix, jx, y, weights, offset, alpha, nobs,  : 
  one multinomial or binomial class has 1 or 0 observations; not allowed
In addition: There were 25 warnings (use warnings() to see them)
Error in lognet(x, is.sparse, ix, jx, y, weights, offset, alpha, nobs,  : 
  one multinomial or binomial class has 1 or 0 observations; not allowed
In addition: There were 13 warnings (use warnings() to see them)
Error in lognet(x, is.sparse, ix, jx, y, weights, offset, alpha, nobs,  : 
  one multinomial or binomial class has 1 or 0 observations; not allowed
In addition: There were 50 or more warnings (use warnings() to see the first 50)
Error in lognet(x, is.sparse, ix, jx, y, weights, offset, alpha, nobs,  : 
  one multinomial or binomial class has 1 or 0 observations; not allowed
In addition: There were 29 warnings (use warnings() to see them)
Error in lognet(x, is.sparse, ix, jx, y, weights, offset, alpha, nobs,  : 
  one multinomial or binomial class has 1 or 0 observations; not allowed
In addition: There were 50 or more warnings (use warnings() to see the first 50)
Error in lognet(x, is.sparse, ix, jx, y, weights, offset, alpha, nobs,  : 
  one multinomial or binomial class has 1 or 0 observations; not allowed
In addition: Warning messages:
1: In lognet(x, is.sparse, ix, jx, y, weights, offset, alpha, nobs,  :
  one multinomial or binomial class has fewer than 8  observations; dangerous ground
2: In lognet(x, is.sparse, ix, jx, y, weights, offset, alpha, nobs,  :
  one multinomial or binomial class has fewer than 8  observations; dangerous ground
3: In lognet(x, is.sparse, ix, jx, y, weights, offset, alpha, nobs,  :
  one multinomial or binomial class has fewer than 8  observations; dangerous ground
4: In lognet(x, is.sparse, ix, jx, y, weights, offset, alpha, nobs,  :
  one multinomial or binomial class has fewer than 8  observations; dangerous ground
5: In lognet(x, is.sparse, ix, jx, y, weights, offset, alpha, nobs,  :
  one multinomial or binomial class has fewer than 8  observations; dangerous ground
Error in lognet(x, is.sparse, ix, jx, y, weights, offset, alpha, nobs,  : 
  one multinomial or binomial class has 1 or 0 observations; not allowed
In addition: There were 50 or more warnings (use warnings() to see the first 50)
Error in lognet(x, is.sparse, ix, jx, y, weights, offset, alpha, nobs,  : 
  one multinomial or binomial class has 1 or 0 observations; not allowed
In addition: There were 50 or more warnings (use warnings() to see the first 50)
Error in lognet(x, is.sparse, ix, jx, y, weights, offset, alpha, nobs,  : 
  one multinomial or binomial class has 1 or 0 observations; not allowed
In addition: There were 50 or more warnings (use warnings() to see the first 50)
Error in lognet(x, is.sparse, ix, jx, y, weights, offset, alpha, nobs,  : 
  one multinomial or binomial class has 1 or 0 observations; not allowed
In addition: There were 37 warnings (use warnings() to see them)
Error in lognet(x, is.sparse, ix, jx, y, weights, offset, alpha, nobs,  : 
  one multinomial or binomial class has 1 or 0 observations; not allowed
In addition: There were 50 or more warnings (use warnings() to see the first 50)
Error in lognet(x, is.sparse, ix, jx, y, weights, offset, alpha, nobs,  : 
  one multinomial or binomial class has 1 or 0 observations; not allowed
In addition: There were 50 or more warnings (use warnings() to see the first 50)
Error in lognet(x, is.sparse, ix, jx, y, weights, offset, alpha, nobs,  : 
  one multinomial or binomial class has 1 or 0 observations; not allowed
In addition: There were 50 or more warnings (use warnings() to see the first 50)
Error in lognet(x, is.sparse, ix, jx, y, weights, offset, alpha, nobs,  : 
  one multinomial or binomial class has 1 or 0 observations; not allowed
In addition: There were 50 or more warnings (use warnings() to see the first 50)
Error in lognet(x, is.sparse, ix, jx, y, weights, offset, alpha, nobs,  : 
  one multinomial or binomial class has 1 or 0 observations; not allowed
In addition: There were 41 warnings (use warnings() to see them)
Error in lognet(x, is.sparse, ix, jx, y, weights, offset, alpha, nobs,  : 
  one multinomial or binomial class has 1 or 0 observations; not allowed
In addition: There were 21 warnings (use warnings() to see them)
Error in lognet(x, is.sparse, ix, jx, y, weights, offset, alpha, nobs,  : 
  one multinomial or binomial class has 1 or 0 observations; not allowed
In addition: There were 50 or more warnings (use warnings() to see the first 50)
Error in lognet(x, is.sparse, ix, jx, y, weights, offset, alpha, nobs,  : 
  one multinomial or binomial class has 1 or 0 observations; not allowed
In addition: There were 50 or more warnings (use warnings() to see the first 50)
Error in lognet(x, is.sparse, ix, jx, y, weights, offset, alpha, nobs,  : 
  one multinomial or binomial class has 1 or 0 observations; not allowed
In addition: There were 50 or more warnings (use warnings() to see the first 50)
Error in lognet(x, is.sparse, ix, jx, y, weights, offset, alpha, nobs,  : 
  one multinomial or binomial class has 1 or 0 observations; not allowed
In addition: Warning message:
In lognet(x, is.sparse, ix, jx, y, weights, offset, alpha, nobs,  :
  one multinomial or binomial class has fewer than 8  observations; dangerous ground
Error in lognet(x, is.sparse, ix, jx, y, weights, offset, alpha, nobs,  : 
  one multinomial or binomial class has 1 or 0 observations; not allowed
In addition: Warning message:
In lognet(x, is.sparse, ix, jx, y, weights, offset, alpha, nobs,  :
  one multinomial or binomial class has fewer than 8  observations; dangerous ground
Error in lognet(x, is.sparse, ix, jx, y, weights, offset, alpha, nobs,  : 
  one multinomial or binomial class has 1 or 0 observations; not allowed
In addition: There were 50 or more warnings (use warnings() to see the first 50)
Error in lognet(x, is.sparse, ix, jx, y, weights, offset, alpha, nobs,  : 
  one multinomial or binomial class has 1 or 0 observations; not allowed
In addition: There were 50 or more warnings (use warnings() to see the first 50)
Error in lognet(x, is.sparse, ix, jx, y, weights, offset, alpha, nobs,  : 
  one multinomial or binomial class has 1 or 0 observations; not allowed
In addition: There were 50 or more warnings (use warnings() to see the first 50)
Error in lognet(x, is.sparse, ix, jx, y, weights, offset, alpha, nobs,  : 
  one multinomial or binomial class has 1 or 0 observations; not allowed
In addition: There were 50 or more warnings (use warnings() to see the first 50)
There were 50 or more warnings (use warnings() to see the first 50)
